\BOOKMARK [0][-]{chapter.1}{\376\377\000I\000n\000t\000r\000o\000d\000u\000c\000t\000i\000o\000n}{}% 1
\BOOKMARK [0][-]{chapter.2}{\376\377\000M\000a\000o\000o\000a\000m\000'\000s\000\040\000p\000a\000r\000a\000m\000e\000t\000e\000r\000s}{}% 2
\BOOKMARK [1][-]{section.2.1}{\376\377\000I\000n\000t\000e\000g\000r\000a\000l\000\040\000p\000a\000r\000a\000m\000e\000t\000e\000r\000s}{chapter.2}% 3
\BOOKMARK [1][-]{section.2.2}{\376\377\000D\000i\000m\000e\000n\000s\000i\000o\000n\000a\000l\000\040\000p\000a\000r\000a\000m\000e\000t\000e\000r\000s}{chapter.2}% 4
\BOOKMARK [1][-]{section.2.3}{\376\377\000P\000h\000y\000s\000i\000c\000a\000l\000\040\000p\000a\000r\000a\000m\000e\000t\000e\000r\000s}{chapter.2}% 5
\BOOKMARK [1][-]{section.2.4}{\376\377\000D\000e\000p\000e\000n\000d\000a\000n\000c\000i\000e\000s}{chapter.2}% 6
\BOOKMARK [1][-]{section.2.5}{\376\377\000F\000o\000n\000c\000t\000i\000o\000n\000s}{chapter.2}% 7
\BOOKMARK [0][-]{chapter.3}{\376\377\000I\000n\000i\000t\000i\000a\000l\000\040\000c\000o\000n\000d\000i\000t\000i\000o\000n\000s\000\040\000g\000e\000n\000e\000r\000a\000t\000o\000r\000\040\000m\000o\000d\000u\000l\000e}{}% 8
\BOOKMARK [1][-]{section.3.1}{\376\377\000G\000l\000o\000b\000a\000l\000\040\000f\000i\000l\000e}{chapter.3}% 9
\BOOKMARK [1][-]{section.3.2}{\376\377\000D\000e\000p\000e\000n\000d\000a\000n\000c\000i\000e\000s}{chapter.3}% 10
\BOOKMARK [1][-]{section.3.3}{\376\377\000F\000u\000n\000c\000t\000i\000o\000n\000s}{chapter.3}% 11
\BOOKMARK [0][-]{chapter.4}{\376\377\000I\000n\000i\000t\000i\000a\000l\000\040\000c\000o\000n\000d\000i\000t\000i\000o\000n\000s\000\040\000m\000o\000d\000u\000l\000e}{}% 12
\BOOKMARK [1][-]{section.4.1}{\376\377\000G\000l\000o\000b\000a\000l\000\040\000v\000a\000r\000i\000a\000b\000l\000e\000s\000\040\000\050\000s\000t\000a\000t\000e\000\040\000v\000e\000c\000t\000o\000r\000s\000\051}{chapter.4}% 13
\BOOKMARK [1][-]{section.4.2}{\376\377\000D\000e\000p\000e\000n\000d\000e\000n\000c\000i\000e\000s}{chapter.4}% 14
\BOOKMARK [0][-]{chapter.5}{\376\377\000I\000n\000n\000e\000r\000\040\000p\000r\000o\000d\000u\000c\000t\000s\000\040\000m\000o\000d\000u\000l\000e}{}% 15
\BOOKMARK [1][-]{section.5.1}{\376\377\000G\000l\000o\000b\000a\000l\000\040\000v\000a\000r\000i\000a\000b\000l\000e\000s}{chapter.5}% 16
\BOOKMARK [1][-]{section.5.2}{\376\377\000D\000e\000p\000e\000n\000d\000a\000n\000c\000i\000e\000s}{chapter.5}% 17
\BOOKMARK [1][-]{section.5.3}{\376\377\000C\000l\000a\000s\000s\000e\000s}{chapter.5}% 18
\BOOKMARK [0][-]{chapter.6}{\376\377\000T\000e\000n\000s\000o\000r\000\040\000c\000o\000m\000p\000u\000t\000a\000t\000i\000o\000n\000\040\000m\000o\000d\000u\000l\000e}{}% 19
\BOOKMARK [1][-]{section.6.1}{\376\377\000H\000e\000l\000p\000\040\000F\000u\000n\000c\000t\000i\000o\000n\000s}{chapter.6}% 20
\BOOKMARK [1][-]{section.6.2}{\376\377\000G\000l\000o\000b\000a\000l\000\040\000v\000a\000r\000i\000a\000b\000l\000e\000s}{chapter.6}% 21
\BOOKMARK [1][-]{section.6.3}{\376\377\000D\000e\000p\000e\000n\000d\000a\000n\000c\000i\000e\000s}{chapter.6}% 22
\BOOKMARK [1][-]{section.6.4}{\376\377\000F\000u\000n\000c\000t\000i\000o\000n\000s}{chapter.6}% 23
\BOOKMARK [0][-]{chapter.7}{\376\377\000I\000n\000t\000e\000g\000r\000a\000t\000i\000o\000n\000\040\000m\000o\000d\000u\000l\000e}{}% 24
\BOOKMARK [1][-]{section.7.1}{\376\377\000G\000l\000o\000b\000a\000l\000\040\000v\000a\000r\000i\000a\000b\000l\000e}{chapter.7}% 25
\BOOKMARK [1][-]{section.7.2}{\376\377\000D\000e\000p\000e\000n\000d\000e\000n\000c\000i\000e\000s}{chapter.7}% 26
\BOOKMARK [1][-]{section.7.3}{\376\377\000F\000u\000n\000c\000t\000i\000o\000n\000s}{chapter.7}% 27
\BOOKMARK [0][-]{chapter.8}{\376\377\000P\000r\000i\000n\000c\000i\000p\000a\000l\000\040\000m\000o\000d\000u\000l\000e}{}% 28
\BOOKMARK [1][-]{section.8.1}{\376\377\000G\000l\000o\000b\000a\000l\000\040\000v\000a\000r\000i\000a\000b\000l\000e}{chapter.8}% 29
\BOOKMARK [1][-]{section.8.2}{\376\377\000D\000e\000p\000e\000n\000d\000e\000n\000c\000i\000e\000s}{chapter.8}% 30
\BOOKMARK [0][-]{chapter.9}{\376\377\000I\000n\000d\000i\000c\000e\000s\000\040\000a\000n\000d\000\040\000t\000a\000b\000l\000e\000s}{}% 31
\BOOKMARK [0][-]{section*.31}{\376\377\000P\000y\000t\000h\000o\000n\000\040\000M\000o\000d\000u\000l\000e\000\040\000I\000n\000d\000e\000x}{}% 32
\BOOKMARK [0][-]{section*.32}{\376\377\000I\000n\000d\000e\000x}{}% 33
